<?xml version="1.0" encoding="UTF-8"?>
<testng-results ignored="0" total="2" passed="2" failed="0" skipped="0">
  <reporter-output>
  </reporter-output>
  <suite started-at="2024-07-30T17:51:17 IST" name="Default suite" finished-at="2024-07-30T17:51:18 IST" duration-ms="91">
    <groups>
    </groups>
    <test started-at="2024-07-30T17:51:17 IST" name="Default test" finished-at="2024-07-30T17:51:18 IST" duration-ms="91">
      <class name="Pac3.orgTest">
        <test-method signature="modifyTest()[pri:0, instance:Pac3.orgTest@2e6a8155]" started-at="2024-07-30T17:51:18 IST" name="modifyTest" finished-at="2024-07-30T17:51:18 IST" duration-ms="11" status="PASS">
          <reporter-output>
          </reporter-output>
        </test-method> <!-- modifyTest -->
        <test-method signature="sampleTest()[pri:0, instance:Pac3.orgTest@2e6a8155]" started-at="2024-07-30T17:51:18 IST" name="sampleTest" finished-at="2024-07-30T17:51:18 IST" duration-ms="4" status="PASS">
          <reporter-output>
          </reporter-output>
        </test-method> <!-- sampleTest -->
      </class> <!-- Pac3.orgTest -->
    </test> <!-- Default test -->
  </suite> <!-- Default suite -->
</testng-results>
